<?xml version="1.0" encoding="UTF-8"?>
<!-- Generated by org.testng.reporters.JUnitXMLReporter -->
<testsuite hostname="01HW1055711" ignored="2" name="Run all test" tests="2" failures="0" timestamp="28 Nov 2017 10:24:45 GMT" time="0.096" errors="0">
  <testcase name="@BeforeTest setUp" time="0.012" classname="Core.base">
    <failure type="java.lang.NoClassDefFoundError" message="org/openqa/selenium/interactions/Interactive">
      <![CDATA[java.lang.NoClassDefFoundError: org/openqa/selenium/interactions/Interactive
	at java.lang.ClassLoader.defineClass1(Native Method)
	at java.lang.ClassLoader.defineClass(Unknown Source)
	at java.security.SecureClassLoader.defineClass(Unknown Source)
	at java.net.URLClassLoader.defineClass(Unknown Source)
	at java.net.URLClassLoader.access$100(Unknown Source)
	at java.net.URLClassLoader$1.run(Unknown Source)
	at java.net.URLClassLoader$1.run(Unknown Source)
	at java.security.AccessController.doPrivileged(Native Method)
	at java.net.URLClassLoader.findClass(Unknown Source)
	at java.lang.ClassLoader.loadClass(Unknown Source)
	at sun.misc.Launcher$AppClassLoader.loadClass(Unknown Source)
	at java.lang.ClassLoader.loadClass(Unknown Source)
	at java.lang.ClassLoader.defineClass1(Native Method)
	at java.lang.ClassLoader.defineClass(Unknown Source)
	at java.security.SecureClassLoader.defineClass(Unknown Source)
	at java.net.URLClassLoader.defineClass(Unknown Source)
	at java.net.URLClassLoader.access$100(Unknown Source)
	at java.net.URLClassLoader$1.run(Unknown Source)
	at java.net.URLClassLoader$1.run(Unknown Source)
	at java.security.AccessController.doPrivileged(Native Method)
	at java.net.URLClassLoader.findClass(Unknown Source)
	at java.lang.ClassLoader.loadClass(Unknown Source)
	at sun.misc.Launcher$AppClassLoader.loadClass(Unknown Source)
	at java.lang.ClassLoader.loadClass(Unknown Source)
	at Core.base.setUp(base.java:32)
Caused by: java.lang.ClassNotFoundException: org.openqa.selenium.interactions.Interactive
	at java.net.URLClassLoader.findClass(Unknown Source)
	at java.lang.ClassLoader.loadClass(Unknown Source)
	at sun.misc.Launcher$AppClassLoader.loadClass(Unknown Source)
	at java.lang.ClassLoader.loadClass(Unknown Source)
	... 48 more
... Removed 23 stack frames]]>
    </failure>
  </testcase> <!-- @BeforeTest setUp -->
  <testcase name="@AfterClass tearDownClass" time="0.0" classname="Core.base">
    <skipped/>
  </testcase> <!-- @AfterClass tearDownClass -->
  <testcase name="@AfterClass tearDownClass" time="0.0" classname="Core.base">
    <skipped/>
  </testcase> <!-- @AfterClass tearDownClass -->
  <testcase name="formtest" time="0.0" classname="testing8.formtest">
    <skipped/>
  </testcase> <!-- formtest -->
  <testcase name="GotoHomePage" time="0.0" classname="testing8.hometest">
    <skipped/>
  </testcase> <!-- GotoHomePage -->
  <testcase name="@BeforeTest setUp" time="0.0" classname="Core.base">
    <ignored/>
  </testcase> <!-- @BeforeTest setUp -->
  <testcase name="@BeforeTest setUp" time="0.0" classname="Core.base">
    <ignored/>
  </testcase> <!-- @BeforeTest setUp -->
</testsuite> <!-- Run all test -->
