<?xml version="1.0" encoding="UTF-8"?>
<testng-results skipped="0" failed="0" ignored="0" total="1" passed="1">
  <reporter-output>
    <line>
      <![CDATA[Bravo!! test case passed]]>
    </line>
  </reporter-output>
  <suite name="Default suite" duration-ms="60352" started-at="2017-12-27T10:19:26Z" finished-at="2017-12-27T10:20:26Z">
    <groups>
    </groups>
    <test name="Default test" duration-ms="60352" started-at="2017-12-27T10:19:26Z" finished-at="2017-12-27T10:20:26Z">
      <class name="testing8.CucumberTest">
        <test-method status="PASS" signature="setUp()[pri:0, instance:testing8.CucumberTest@1d29cf23]" name="setUp" is-config="true" duration-ms="3154" started-at="2017-12-27T02:19:26Z" finished-at="2017-12-27T02:19:29Z">
          <reporter-output>
          </reporter-output>
        </test-method> <!-- setUp -->
        <test-method status="PASS" signature="goTosubcategory()[pri:0, instance:testing8.CucumberTest@1d29cf23]" name="goTosubcategory" duration-ms="55182" started-at="2017-12-27T02:19:29Z" finished-at="2017-12-27T02:20:24Z">
          <reporter-output>
            <line>
              <![CDATA[Bravo!! test case passed]]>
            </line>
          </reporter-output>
        </test-method> <!-- goTosubcategory -->
        <test-method status="PASS" signature="tearDownClass()[pri:0, instance:testing8.CucumberTest@1d29cf23]" name="tearDownClass" is-config="true" duration-ms="2000" started-at="2017-12-27T02:20:24Z" finished-at="2017-12-27T02:20:26Z">
          <reporter-output>
          </reporter-output>
        </test-method> <!-- tearDownClass -->
      </class> <!-- testing8.CucumberTest -->
    </test> <!-- Default test -->
  </suite> <!-- Default suite -->
</testng-results>
